app/build/intermediates/manifest_merge_blame_file/debug/manifest-merger-blame-debug-report.txt
1<?xml version="1.0" encoding="utf-8"?>
2<manifest xmlns:android="http://schemas.android.com/apk/res/android"
3    package="com.school.management"
4    android:versionCode="1"
5    android:versionName="1.0" >
6
7    <uses-sdk
8        android:minSdkVersion="24"
9        android:targetSdkVersion="34" />
10
11    <uses-permission android:name="android.permission.INTERNET" />
11-->src\main\AndroidManifest.xml:5:5-67
11-->src\main\AndroidManifest.xml:5:22-64
12    <uses-permission android:name="android.permission.ACCESS_NETWORK_STATE" />
12-->src\main\AndroidManifest.xml:6:5-79
12-->src\main\AndroidManifest.xml:6:22-76
13    <uses-permission android:name="android.permission.READ_EXTERNAL_STORAGE" />
13-->src\main\AndroidManifest.xml:7:5-80
13-->src\main\AndroidManifest.xml:7:22-77
14    <uses-permission android:name="android.permission.WRITE_EXTERNAL_STORAGE" />
14-->src\main\AndroidManifest.xml:8:5-81
14-->src\main\AndroidManifest.xml:8:22-78
15    <uses-permission android:name="android.permission.CAMERA" />
15-->src\main\AndroidManifest.xml:9:5-65
15-->src\main\AndroidManifest.xml:9:22-62
16    <uses-permission android:name="android.permission.POST_NOTIFICATIONS" />
16-->src\main\AndroidManifest.xml:10:5-77
16-->src\main\AndroidManifest.xml:10:22-74
17    <uses-permission android:name="android.permission.SEND_SMS" />
17-->src\main\AndroidManifest.xml:11:5-67
17-->src\main\AndroidManifest.xml:11:22-64
18    <uses-permission android:name="android.permission.VIBRATE" />
18-->src\main\AndroidManifest.xml:12:5-66
18-->src\main\AndroidManifest.xml:12:22-63
19    <uses-permission android:name="android.permission.WAKE_LOCK" /> <!-- Required by older versions of Google Play services to create IID tokens -->
19-->[com.google.firebase:firebase-messaging:23.4.0] AndroidManifest.xml:24:5-68
19-->[com.google.firebase:firebase-messaging:23.4.0] AndroidManifest.xml:24:22-65
20    <uses-permission android:name="com.google.android.c2dm.permission.RECEIVE" />
20-->[com.google.firebase:firebase-messaging:23.4.0] AndroidManifest.xml:26:5-82
20-->[com.google.firebase:firebase-messaging:23.4.0] AndroidManifest.xml:26:22-79
21    <uses-permission android:name="com.google.android.finsky.permission.BIND_GET_INSTALL_REFERRER_SERVICE" />
21-->[com.google.android.gms:play-services-measurement:21.5.0] AndroidManifest.xml:26:5-110
21-->[com.google.android.gms:play-services-measurement:21.5.0] AndroidManifest.xml:26:22-107
22    <uses-permission android:name="com.google.android.gms.permission.AD_ID" />
22-->[com.google.android.gms:play-services-measurement-api:21.5.0] AndroidManifest.xml:25:5-79
22-->[com.google.android.gms:play-services-measurement-api:21.5.0] AndroidManifest.xml:25:22-76
23    <uses-permission android:name="android.permission.ACCESS_ADSERVICES_ATTRIBUTION" />
23-->[com.google.android.gms:play-services-measurement-api:21.5.0] AndroidManifest.xml:26:5-88
23-->[com.google.android.gms:play-services-measurement-api:21.5.0] AndroidManifest.xml:26:22-85
24    <uses-permission android:name="android.permission.ACCESS_ADSERVICES_AD_ID" />
24-->[com.google.android.gms:play-services-measurement-api:21.5.0] AndroidManifest.xml:27:5-82
24-->[com.google.android.gms:play-services-measurement-api:21.5.0] AndroidManifest.xml:27:22-79
25
26    <permission
26-->[androidx.core:core:1.9.0] AndroidManifest.xml:22:5-24:47
27        android:name="com.school.management.DYNAMIC_RECEIVER_NOT_EXPORTED_PERMISSION"
27-->[androidx.core:core:1.9.0] AndroidManifest.xml:23:9-81
28        android:protectionLevel="signature" />
28-->[androidx.core:core:1.9.0] AndroidManifest.xml:24:9-44
29
30    <uses-permission android:name="com.school.management.DYNAMIC_RECEIVER_NOT_EXPORTED_PERMISSION" />
30-->[androidx.core:core:1.9.0] AndroidManifest.xml:26:5-97
30-->[androidx.core:core:1.9.0] AndroidManifest.xml:26:22-94
31
32    <application
32-->src\main\AndroidManifest.xml:14:5-177:19
33        android:allowBackup="true"
33-->src\main\AndroidManifest.xml:15:9-35
34        android:appComponentFactory="androidx.core.app.CoreComponentFactory"
34-->[androidx.core:core:1.9.0] AndroidManifest.xml:28:18-86
35        android:dataExtractionRules="@xml/data_extraction_rules"
35-->src\main\AndroidManifest.xml:16:9-65
36        android:debuggable="true"
37        android:extractNativeLibs="false"
38        android:fullBackupContent="@xml/backup_rules"
38-->src\main\AndroidManifest.xml:17:9-54
39        android:icon="@mipmap/ic_launcher"
39-->src\main\AndroidManifest.xml:18:9-43
40        android:label="@string/app_name"
40-->src\main\AndroidManifest.xml:19:9-41
41        android:roundIcon="@mipmap/ic_launcher_round"
41-->src\main\AndroidManifest.xml:20:9-54
42        android:supportsRtl="true"
42-->src\main\AndroidManifest.xml:21:9-35
43        android:testOnly="true"
44        android:theme="@style/Theme.SchoolManagement" >
44-->src\main\AndroidManifest.xml:22:9-54
45
46        <!-- Splash Screen -->
47        <activity
47-->src\main\AndroidManifest.xml:26:9-34:20
48            android:name="com.school.management.activities.SplashActivity"
48-->src\main\AndroidManifest.xml:27:13-54
49            android:exported="true"
49-->src\main\AndroidManifest.xml:28:13-36
50            android:theme="@style/Theme.SchoolManagement.Splash" >
50-->src\main\AndroidManifest.xml:29:13-65
51            <intent-filter>
51-->src\main\AndroidManifest.xml:30:13-33:29
52                <action android:name="android.intent.action.MAIN" />
52-->src\main\AndroidManifest.xml:31:17-69
52-->src\main\AndroidManifest.xml:31:25-66
53
54                <category android:name="android.intent.category.LAUNCHER" />
54-->src\main\AndroidManifest.xml:32:17-77
54-->src\main\AndroidManifest.xml:32:27-74
55            </intent-filter>
56        </activity>
57
58        <!-- Authentication Activities -->
59        <activity
59-->src\main\AndroidManifest.xml:37:9-40:58
60            android:name="com.school.management.activities.auth.LoginActivity"
60-->src\main\AndroidManifest.xml:38:13-58
61            android:exported="false"
61-->src\main\AndroidManifest.xml:39:13-37
62            android:windowSoftInputMode="adjustResize" />
62-->src\main\AndroidManifest.xml:40:13-55
63        <activity
63-->src\main\AndroidManifest.xml:42:9-44:40
64            android:name="com.school.management.activities.auth.ForgotPasswordActivity"
64-->src\main\AndroidManifest.xml:43:13-67
65            android:exported="false" />
65-->src\main\AndroidManifest.xml:44:13-37
66
67        <!-- Main Dashboard -->
68        <activity
68-->src\main\AndroidManifest.xml:47:9-50:48
69            android:name="com.school.management.activities.MainActivity"
69-->src\main\AndroidManifest.xml:48:13-52
70            android:exported="false"
70-->src\main\AndroidManifest.xml:49:13-37
71            android:label="@string/app_name" />
71-->src\main\AndroidManifest.xml:50:13-45
72
73        <!-- User Management -->
74        <activity
74-->src\main\AndroidManifest.xml:53:9-55:40
75            android:name="com.school.management.activities.users.UsersListActivity"
75-->src\main\AndroidManifest.xml:54:13-63
76            android:exported="false" />
76-->src\main\AndroidManifest.xml:55:13-37
77        <activity
77-->src\main\AndroidManifest.xml:57:9-59:40
78            android:name="com.school.management.activities.users.UserProfileActivity"
78-->src\main\AndroidManifest.xml:58:13-65
79            android:exported="false" />
79-->src\main\AndroidManifest.xml:59:13-37
80        <activity
80-->src\main\AndroidManifest.xml:61:9-63:40
81            android:name="com.school.management.activities.users.RegisterUserActivity"
81-->src\main\AndroidManifest.xml:62:13-66
82            android:exported="false" />
82-->src\main\AndroidManifest.xml:63:13-37
83
84        <!-- Student Management -->
85        <activity
85-->src\main\AndroidManifest.xml:66:9-68:40
86            android:name="com.school.management.activities.students.StudentListActivity"
86-->src\main\AndroidManifest.xml:67:13-68
87            android:exported="false" />
87-->src\main\AndroidManifest.xml:68:13-37
88        <activity
88-->src\main\AndroidManifest.xml:70:9-72:40
89            android:name="com.school.management.activities.students.StudentProfileActivity"
89-->src\main\AndroidManifest.xml:71:13-71
90            android:exported="false" />
90-->src\main\AndroidManifest.xml:72:13-37
91        <activity
91-->src\main\AndroidManifest.xml:74:9-76:40
92            android:name="com.school.management.activities.students.AddStudentActivity"
92-->src\main\AndroidManifest.xml:75:13-67
93            android:exported="false" />
93-->src\main\AndroidManifest.xml:76:13-37
94
95        <!-- Teacher Management -->
96        <activity
96-->src\main\AndroidManifest.xml:79:9-81:40
97            android:name="com.school.management.activities.teachers.TeacherListActivity"
97-->src\main\AndroidManifest.xml:80:13-68
98            android:exported="false" />
98-->src\main\AndroidManifest.xml:81:13-37
99        <activity
99-->src\main\AndroidManifest.xml:83:9-85:40
100            android:name="com.school.management.activities.teachers.TeacherProfileActivity"
100-->src\main\AndroidManifest.xml:84:13-71
101            android:exported="false" />
101-->src\main\AndroidManifest.xml:85:13-37
102
103        <!-- Class Management -->
104        <activity
104-->src\main\AndroidManifest.xml:88:9-90:40
105            android:name="com.school.management.activities.classes.ClassListActivity"
105-->src\main\AndroidManifest.xml:89:13-65
106            android:exported="false" />
106-->src\main\AndroidManifest.xml:90:13-37
107        <activity
107-->src\main\AndroidManifest.xml:92:9-94:40
108            android:name="com.school.management.activities.classes.ClassDetailActivity"
108-->src\main\AndroidManifest.xml:93:13-67
109            android:exported="false" />
109-->src\main\AndroidManifest.xml:94:13-37
110        <activity
110-->src\main\AndroidManifest.xml:96:9-98:40
111            android:name="com.school.management.activities.classes.TimetableActivity"
111-->src\main\AndroidManifest.xml:97:13-65
112            android:exported="false" />
112-->src\main\AndroidManifest.xml:98:13-37
113
114        <!-- Attendance -->
115        <activity
115-->src\main\AndroidManifest.xml:101:9-103:40
116            android:name="com.school.management.activities.attendance.AttendanceActivity"
116-->src\main\AndroidManifest.xml:102:13-69
117            android:exported="false" />
117-->src\main\AndroidManifest.xml:103:13-37
118        <activity
118-->src\main\AndroidManifest.xml:105:9-107:40
119            android:name="com.school.management.activities.attendance.AttendanceReportActivity"
119-->src\main\AndroidManifest.xml:106:13-75
120            android:exported="false" />
120-->src\main\AndroidManifest.xml:107:13-37
121
122        <!-- Examination -->
123        <activity
123-->src\main\AndroidManifest.xml:110:9-112:40
124            android:name="com.school.management.activities.examination.ExamListActivity"
124-->src\main\AndroidManifest.xml:111:13-68
125            android:exported="false" />
125-->src\main\AndroidManifest.xml:112:13-37
126        <activity
126-->src\main\AndroidManifest.xml:114:9-116:40
127            android:name="com.school.management.activities.examination.GradebookActivity"
127-->src\main\AndroidManifest.xml:115:13-69
128            android:exported="false" />
128-->src\main\AndroidManifest.xml:116:13-37
129        <activity
129-->src\main\AndroidManifest.xml:118:9-120:40
130            android:name="com.school.management.activities.examination.ReportCardActivity"
130-->src\main\AndroidManifest.xml:119:13-70
131            android:exported="false" />
131-->src\main\AndroidManifest.xml:120:13-37
132
133        <!-- Fee Management -->
134        <activity
134-->src\main\AndroidManifest.xml:123:9-125:40
135            android:name="com.school.management.activities.fees.FeeManagementActivity"
135-->src\main\AndroidManifest.xml:124:13-66
136            android:exported="false" />
136-->src\main\AndroidManifest.xml:125:13-37
137        <activity
137-->src\main\AndroidManifest.xml:127:9-129:40
138            android:name="com.school.management.activities.fees.PaymentHistoryActivity"
138-->src\main\AndroidManifest.xml:128:13-67
139            android:exported="false" />
139-->src\main\AndroidManifest.xml:129:13-37
140
141        <!-- Library -->
142        <activity
142-->src\main\AndroidManifest.xml:132:9-134:40
143            android:name="com.school.management.activities.library.LibraryActivity"
143-->src\main\AndroidManifest.xml:133:13-63
144            android:exported="false" />
144-->src\main\AndroidManifest.xml:134:13-37
145        <activity
145-->src\main\AndroidManifest.xml:136:9-138:40
146            android:name="com.school.management.activities.library.BookIssueActivity"
146-->src\main\AndroidManifest.xml:137:13-65
147            android:exported="false" />
147-->src\main\AndroidManifest.xml:138:13-37
148
149        <!-- Parent Portal -->
150        <activity
150-->src\main\AndroidManifest.xml:141:9-143:40
151            android:name="com.school.management.activities.parent.ParentDashboardActivity"
151-->src\main\AndroidManifest.xml:142:13-70
152            android:exported="false" />
152-->src\main\AndroidManifest.xml:143:13-37
153
154        <!-- Communication -->
155        <activity
155-->src\main\AndroidManifest.xml:146:9-148:40
156            android:name="com.school.management.activities.communication.MessagingActivity"
156-->src\main\AndroidManifest.xml:147:13-71
157            android:exported="false" />
157-->src\main\AndroidManifest.xml:148:13-37
158        <activity
158-->src\main\AndroidManifest.xml:150:9-152:40
159            android:name="com.school.management.activities.communication.AnnouncementsActivity"
159-->src\main\AndroidManifest.xml:151:13-75
160            android:exported="false" />
160-->src\main\AndroidManifest.xml:152:13-37
161
162        <!-- Events -->
163        <activity
163-->src\main\AndroidManifest.xml:155:9-157:40
164            android:name="com.school.management.activities.events.EventsActivity"
164-->src\main\AndroidManifest.xml:156:13-61
165            android:exported="false" />
165-->src\main\AndroidManifest.xml:157:13-37
166        <activity
166-->src\main\AndroidManifest.xml:159:9-161:40
167            android:name="com.school.management.activities.events.CalendarActivity"
167-->src\main\AndroidManifest.xml:160:13-63
168            android:exported="false" />
168-->src\main\AndroidManifest.xml:161:13-37
169
170        <!-- System Administration -->
171        <activity
171-->src\main\AndroidManifest.xml:164:9-166:40
172            android:name="com.school.management.activities.admin.SystemSettingsActivity"
172-->src\main\AndroidManifest.xml:165:13-68
173            android:exported="false" />
173-->src\main\AndroidManifest.xml:166:13-37
174
175        <!-- Firebase Messaging Service -->
176        <service
176-->src\main\AndroidManifest.xml:169:9-175:19
177            android:name="com.school.management.services.MyFirebaseMessagingService"
177-->src\main\AndroidManifest.xml:170:13-64
178            android:exported="false" >
178-->src\main\AndroidManifest.xml:171:13-37
179            <intent-filter>
179-->src\main\AndroidManifest.xml:172:13-174:29
180                <action android:name="com.google.firebase.MESSAGING_EVENT" />
180-->src\main\AndroidManifest.xml:173:17-78
180-->src\main\AndroidManifest.xml:173:25-75
181            </intent-filter>
182        </service>
183
184        <activity
184-->[com.google.firebase:firebase-auth:22.3.0] AndroidManifest.xml:29:9-46:20
185            android:name="com.google.firebase.auth.internal.GenericIdpActivity"
185-->[com.google.firebase:firebase-auth:22.3.0] AndroidManifest.xml:30:13-80
186            android:excludeFromRecents="true"
186-->[com.google.firebase:firebase-auth:22.3.0] AndroidManifest.xml:31:13-46
187            android:exported="true"
187-->[com.google.firebase:firebase-auth:22.3.0] AndroidManifest.xml:32:13-36
188            android:launchMode="singleTask"
188-->[com.google.firebase:firebase-auth:22.3.0] AndroidManifest.xml:33:13-44
189            android:theme="@android:style/Theme.Translucent.NoTitleBar" >
189-->[com.google.firebase:firebase-auth:22.3.0] AndroidManifest.xml:34:13-72
190            <intent-filter>
190-->[com.google.firebase:firebase-auth:22.3.0] AndroidManifest.xml:35:13-45:29
191                <action android:name="android.intent.action.VIEW" />
191-->[com.google.firebase:firebase-auth:22.3.0] AndroidManifest.xml:36:17-69
191-->[com.google.firebase:firebase-auth:22.3.0] AndroidManifest.xml:36:25-66
192
193                <category android:name="android.intent.category.DEFAULT" />
193-->[com.google.firebase:firebase-auth:22.3.0] AndroidManifest.xml:38:17-76
193-->[com.google.firebase:firebase-auth:22.3.0] AndroidManifest.xml:38:27-73
194                <category android:name="android.intent.category.BROWSABLE" />
194-->[com.google.firebase:firebase-auth:22.3.0] AndroidManifest.xml:39:17-78
194-->[com.google.firebase:firebase-auth:22.3.0] AndroidManifest.xml:39:27-75
195
196                <data
196-->[com.google.firebase:firebase-auth:22.3.0] AndroidManifest.xml:41:17-44:51
197                    android:host="firebase.auth"
197-->[com.google.firebase:firebase-auth:22.3.0] AndroidManifest.xml:42:21-49
198                    android:path="/"
198-->[com.google.firebase:firebase-auth:22.3.0] AndroidManifest.xml:43:21-37
199                    android:scheme="genericidp" />
199-->[com.google.firebase:firebase-auth:22.3.0] AndroidManifest.xml:44:21-48
200            </intent-filter>
201        </activity>
202        <activity
202-->[com.google.firebase:firebase-auth:22.3.0] AndroidManifest.xml:47:9-64:20
203            android:name="com.google.firebase.auth.internal.RecaptchaActivity"
203-->[com.google.firebase:firebase-auth:22.3.0] AndroidManifest.xml:48:13-79
204            android:excludeFromRecents="true"
204-->[com.google.firebase:firebase-auth:22.3.0] AndroidManifest.xml:49:13-46
205            android:exported="true"
205-->[com.google.firebase:firebase-auth:22.3.0] AndroidManifest.xml:50:13-36
206            android:launchMode="singleTask"
206-->[com.google.firebase:firebase-auth:22.3.0] AndroidManifest.xml:51:13-44
207            android:theme="@android:style/Theme.Translucent.NoTitleBar" >
207-->[com.google.firebase:firebase-auth:22.3.0] AndroidManifest.xml:52:13-72
208            <intent-filter>
208-->[com.google.firebase:firebase-auth:22.3.0] AndroidManifest.xml:53:13-63:29
209                <action android:name="android.intent.action.VIEW" />
209-->[com.google.firebase:firebase-auth:22.3.0] AndroidManifest.xml:36:17-69
209-->[com.google.firebase:firebase-auth:22.3.0] AndroidManifest.xml:36:25-66
210
211                <category android:name="android.intent.category.DEFAULT" />
211-->[com.google.firebase:firebase-auth:22.3.0] AndroidManifest.xml:38:17-76
211-->[com.google.firebase:firebase-auth:22.3.0] AndroidManifest.xml:38:27-73
212                <category android:name="android.intent.category.BROWSABLE" />
212-->[com.google.firebase:firebase-auth:22.3.0] AndroidManifest.xml:39:17-78
212-->[com.google.firebase:firebase-auth:22.3.0] AndroidManifest.xml:39:27-75
213
214                <data
214-->[com.google.firebase:firebase-auth:22.3.0] AndroidManifest.xml:41:17-44:51
215                    android:host="firebase.auth"
215-->[com.google.firebase:firebase-auth:22.3.0] AndroidManifest.xml:42:21-49
216                    android:path="/"
216-->[com.google.firebase:firebase-auth:22.3.0] AndroidManifest.xml:43:21-37
217                    android:scheme="recaptcha" />
217-->[com.google.firebase:firebase-auth:22.3.0] AndroidManifest.xml:44:21-48
218            </intent-filter>
219        </activity>
220
221        <service
221-->[com.google.firebase:firebase-auth:22.3.0] AndroidManifest.xml:66:9-72:19
222            android:name="com.google.firebase.components.ComponentDiscoveryService"
222-->[com.google.firebase:firebase-auth:22.3.0] AndroidManifest.xml:67:13-84
223            android:directBootAware="true"
223-->[com.google.firebase:firebase-common:20.4.2] AndroidManifest.xml:32:13-43
224            android:exported="false" >
224-->[com.google.firebase:firebase-auth:22.3.0] AndroidManifest.xml:68:13-37
225            <meta-data
225-->[com.google.firebase:firebase-auth:22.3.0] AndroidManifest.xml:69:13-71:85
226                android:name="com.google.firebase.components:com.google.firebase.auth.FirebaseAuthRegistrar"
226-->[com.google.firebase:firebase-auth:22.3.0] AndroidManifest.xml:70:17-109
227                android:value="com.google.firebase.components.ComponentRegistrar" />
227-->[com.google.firebase:firebase-auth:22.3.0] AndroidManifest.xml:71:17-82
228            <meta-data
228-->[com.google.firebase:firebase-firestore:24.10.0] AndroidManifest.xml:17:13-19:85
229                android:name="com.google.firebase.components:com.google.firebase.firestore.FirebaseFirestoreKtxRegistrar"
229-->[com.google.firebase:firebase-firestore:24.10.0] AndroidManifest.xml:18:17-122
230                android:value="com.google.firebase.components.ComponentRegistrar" />
230-->[com.google.firebase:firebase-firestore:24.10.0] AndroidManifest.xml:19:17-82
231            <meta-data
231-->[com.google.firebase:firebase-firestore:24.10.0] AndroidManifest.xml:20:13-22:85
232                android:name="com.google.firebase.components:com.google.firebase.firestore.FirestoreRegistrar"
232-->[com.google.firebase:firebase-firestore:24.10.0] AndroidManifest.xml:21:17-111
233                android:value="com.google.firebase.components.ComponentRegistrar" />
233-->[com.google.firebase:firebase-firestore:24.10.0] AndroidManifest.xml:22:17-82
234            <meta-data
234-->[com.google.firebase:firebase-storage:20.3.0] AndroidManifest.xml:30:13-32:85
235                android:name="com.google.firebase.components:com.google.firebase.storage.FirebaseStorageKtxRegistrar"
235-->[com.google.firebase:firebase-storage:20.3.0] AndroidManifest.xml:31:17-118
236                android:value="com.google.firebase.components.ComponentRegistrar" />
236-->[com.google.firebase:firebase-storage:20.3.0] AndroidManifest.xml:32:17-82
237            <meta-data
237-->[com.google.firebase:firebase-storage:20.3.0] AndroidManifest.xml:33:13-35:85
238                android:name="com.google.firebase.components:com.google.firebase.storage.StorageRegistrar"
238-->[com.google.firebase:firebase-storage:20.3.0] AndroidManifest.xml:34:17-107
239                android:value="com.google.firebase.components.ComponentRegistrar" />
239-->[com.google.firebase:firebase-storage:20.3.0] AndroidManifest.xml:35:17-82
240            <meta-data
240-->[com.google.firebase:firebase-messaging:23.4.0] AndroidManifest.xml:57:13-59:85
241                android:name="com.google.firebase.components:com.google.firebase.messaging.FirebaseMessagingKtxRegistrar"
241-->[com.google.firebase:firebase-messaging:23.4.0] AndroidManifest.xml:58:17-122
242                android:value="com.google.firebase.components.ComponentRegistrar" />
242-->[com.google.firebase:firebase-messaging:23.4.0] AndroidManifest.xml:59:17-82
243            <meta-data
243-->[com.google.firebase:firebase-messaging:23.4.0] AndroidManifest.xml:60:13-62:85
244                android:name="com.google.firebase.components:com.google.firebase.messaging.FirebaseMessagingRegistrar"
244-->[com.google.firebase:firebase-messaging:23.4.0] AndroidManifest.xml:61:17-119
245                android:value="com.google.firebase.components.ComponentRegistrar" />
245-->[com.google.firebase:firebase-messaging:23.4.0] AndroidManifest.xml:62:17-82
246            <meta-data
246-->[com.google.android.gms:play-services-measurement-api:21.5.0] AndroidManifest.xml:37:13-39:85
247                android:name="com.google.firebase.components:com.google.firebase.analytics.connector.internal.AnalyticsConnectorRegistrar"
247-->[com.google.android.gms:play-services-measurement-api:21.5.0] AndroidManifest.xml:38:17-139
248                android:value="com.google.firebase.components.ComponentRegistrar" />
248-->[com.google.android.gms:play-services-measurement-api:21.5.0] AndroidManifest.xml:39:17-82
249            <meta-data
249-->[com.google.firebase:firebase-installations:17.2.0] AndroidManifest.xml:15:13-17:85
250                android:name="com.google.firebase.components:com.google.firebase.installations.FirebaseInstallationsKtxRegistrar"
250-->[com.google.firebase:firebase-installations:17.2.0] AndroidManifest.xml:16:17-130
251                android:value="com.google.firebase.components.ComponentRegistrar" />
251-->[com.google.firebase:firebase-installations:17.2.0] AndroidManifest.xml:17:17-82
252            <meta-data
252-->[com.google.firebase:firebase-installations:17.2.0] AndroidManifest.xml:18:13-20:85
253                android:name="com.google.firebase.components:com.google.firebase.installations.FirebaseInstallationsRegistrar"
253-->[com.google.firebase:firebase-installations:17.2.0] AndroidManifest.xml:19:17-127
254                android:value="com.google.firebase.components.ComponentRegistrar" />
254-->[com.google.firebase:firebase-installations:17.2.0] AndroidManifest.xml:20:17-82
255            <meta-data
255-->[com.google.firebase:firebase-appcheck:17.1.1] AndroidManifest.xml:25:13-27:85
256                android:name="com.google.firebase.components:com.google.firebase.appcheck.FirebaseAppCheckKtxRegistrar"
256-->[com.google.firebase:firebase-appcheck:17.1.1] AndroidManifest.xml:26:17-120
257                android:value="com.google.firebase.components.ComponentRegistrar" />
257-->[com.google.firebase:firebase-appcheck:17.1.1] AndroidManifest.xml:27:17-82
258            <meta-data
258-->[com.google.firebase:firebase-appcheck:17.1.1] AndroidManifest.xml:28:13-30:85
259                android:name="com.google.firebase.components:com.google.firebase.appcheck.FirebaseAppCheckRegistrar"
259-->[com.google.firebase:firebase-appcheck:17.1.1] AndroidManifest.xml:29:17-117
260                android:value="com.google.firebase.components.ComponentRegistrar" />
260-->[com.google.firebase:firebase-appcheck:17.1.1] AndroidManifest.xml:30:17-82
261            <meta-data
261-->[com.google.firebase:firebase-common-ktx:20.4.2] AndroidManifest.xml:12:13-14:85
262                android:name="com.google.firebase.components:com.google.firebase.ktx.FirebaseCommonLegacyRegistrar"
262-->[com.google.firebase:firebase-common-ktx:20.4.2] AndroidManifest.xml:13:17-116
263                android:value="com.google.firebase.components.ComponentRegistrar" />
263-->[com.google.firebase:firebase-common-ktx:20.4.2] AndroidManifest.xml:14:17-82
264            <meta-data
264-->[com.google.firebase:firebase-common:20.4.2] AndroidManifest.xml:35:13-37:85
265                android:name="com.google.firebase.components:com.google.firebase.FirebaseCommonKtxRegistrar"
265-->[com.google.firebase:firebase-common:20.4.2] AndroidManifest.xml:36:17-109
266                android:value="com.google.firebase.components.ComponentRegistrar" />
266-->[com.google.firebase:firebase-common:20.4.2] AndroidManifest.xml:37:17-82
267            <meta-data
267-->[com.google.firebase:firebase-datatransport:18.1.7] AndroidManifest.xml:27:13-29:85
268                android:name="com.google.firebase.components:com.google.firebase.datatransport.TransportRegistrar"
268-->[com.google.firebase:firebase-datatransport:18.1.7] AndroidManifest.xml:28:17-115
269                android:value="com.google.firebase.components.ComponentRegistrar" />
269-->[com.google.firebase:firebase-datatransport:18.1.7] AndroidManifest.xml:29:17-82
270        </service>
271
272        <receiver
272-->[com.google.firebase:firebase-messaging:23.4.0] AndroidManifest.xml:29:9-40:20
273            android:name="com.google.firebase.iid.FirebaseInstanceIdReceiver"
273-->[com.google.firebase:firebase-messaging:23.4.0] AndroidManifest.xml:30:13-78
274            android:exported="true"
274-->[com.google.firebase:firebase-messaging:23.4.0] AndroidManifest.xml:31:13-36
275            android:permission="com.google.android.c2dm.permission.SEND" >
275-->[com.google.firebase:firebase-messaging:23.4.0] AndroidManifest.xml:32:13-73
276            <intent-filter>
276-->[com.google.firebase:firebase-messaging:23.4.0] AndroidManifest.xml:33:13-35:29
277                <action android:name="com.google.android.c2dm.intent.RECEIVE" />
277-->[com.google.firebase:firebase-messaging:23.4.0] AndroidManifest.xml:34:17-81
277-->[com.google.firebase:firebase-messaging:23.4.0] AndroidManifest.xml:34:25-78
278            </intent-filter>
279
280            <meta-data
280-->[com.google.firebase:firebase-messaging:23.4.0] AndroidManifest.xml:37:13-39:40
281                android:name="com.google.android.gms.cloudmessaging.FINISHED_AFTER_HANDLED"
281-->[com.google.firebase:firebase-messaging:23.4.0] AndroidManifest.xml:38:17-92
282                android:value="true" />
282-->[com.google.firebase:firebase-messaging:23.4.0] AndroidManifest.xml:39:17-37
283        </receiver>
284        <!--
285             FirebaseMessagingService performs security checks at runtime,
286             but set to not exported to explicitly avoid allowing another app to call it.
287        -->
288        <service
288-->[com.google.firebase:firebase-messaging:23.4.0] AndroidManifest.xml:46:9-53:19
289            android:name="com.google.firebase.messaging.FirebaseMessagingService"
289-->[com.google.firebase:firebase-messaging:23.4.0] AndroidManifest.xml:47:13-82
290            android:directBootAware="true"
290-->[com.google.firebase:firebase-messaging:23.4.0] AndroidManifest.xml:48:13-43
291            android:exported="false" >
291-->[com.google.firebase:firebase-messaging:23.4.0] AndroidManifest.xml:49:13-37
292            <intent-filter android:priority="-500" >
292-->src\main\AndroidManifest.xml:172:13-174:29